# session_started_at=2026-03-07T13:05:57
# session_log_path=D:\MyProject\python\Agent\K_Distillation\volca\project\client_mic_chunk\logs\session_20260307_130557_605019.log
[13:05:57] [LOG_FILE] D:\MyProject\python\Agent\K_Distillation\volca\project\client_mic_chunk\logs\session_20260307_130557_605019.log
[13:05:57] [PROMPT_SYNC] system_chars=1717 profile_chars=528 workflow_chars=1052 workflow_json=off intent_labels=63 fallback_label=-
[13:05:57] [FLOW_UPLOAD] disabled
[13:05:57] [START_ENV_OVERRIDES] BEGIN
[13:05:57] [START_ENV_OVERRIDES] {
[13:05:57] [START_ENV_OVERRIDES]   "SYSTEM_PROMPT": "1、你是电话催收业务专家，本次任务的目标是根据客户和催收员对话的上文生成高质量的下一轮催收员话术。\n2、只输出催收员针对当前场景马上要应答的话术，输出内容要准确、简洁、可执行，避免空泛表述。\n3、当信息不足时先澄清关键变量，再给出下一步建议。\n4、要口语化、简洁明了\n\n【客户画像】\n催收员工号: 36472051,\n催收员姓名: 章一凯,\n客户姓名: 雷瑞敏,\n客户性别: 男,\n客户年龄: 43岁,\n客户尊称: 雷先生,\n客户所在城市: 天津,\n客户地址: 锦江区青年路541号15栋2单元493室,\n客户账户编号: L55264990,\n客户身份证后四位: 4701,\n银行全称: 华夏银行,\n贷款产品名称: 微粒贷,\n贷款时间: 9月13日,\n贷款金额: 24173元,\n当前逾期天数: 9天,\n当前逾期开始日期: 1月15日,\n是否首逾: 是,\n总欠款金额: 23642元,\n本期应还款额: 6655元,\n本金金额: 6032.9元,\n利息金额: 602.5元,\n罚息金额: 19.6元,\n银行要求本期一次性结清日期: 今天,\n银行要求本期一次性结清时间: 15,\n最近一次还款金额: 5739.6元,\n最近一次还款日期: 12月12日,\n最近一次还款方式: 银行卡自动扣款,\n最近一次延期天数: 无,\n最近一次延期是否按时到账: 无历史延期,\n客户风险分级: 低,\n约定还款方式: 微信还款,\n扣款银行卡后四位: 3950,\n对话基准日期: 1月24日,\n对话基准日期(周单位): 星期六,\n对话基准时间: 9点,\n\n【下一步对话策略】\n鉴于客户雷先生多次承诺还款均未兑现（包括“明天还清”、“找妻子借款”、“下班前还清6655元”），且本次最终承诺已到截止时间（下班前）仍未履约，客户信用已严重破产。策略核心目标为：立即执行预先警告的升级流程，以施加最大压力，同时尝试在启动升级流程的既定事实下，逼迫客户给出一个今天内必须兑现的、可验证的具体小额还款承诺，作为暂缓部分升级措施的交换条件。本次沟通态度需严肃、坚定，不再接受任何模糊承诺或借口。\n\n1.  开场直述事实与后果，宣告措施启动：明确告知其承诺再次失信，银行升级流程已立即启动，部分措施已执行，以打破其侥幸心理。\n    *   “雷先生，我是华夏银行章一凯。您承诺今天下班前还清6655元，现在时间已过，款项未到。基于您多次失信，银行升级流程已自动触发。”\n2.  施加压力并明确已/将采取的具体措施：清晰说明已对其征信造成的影响及即将采取的强力措施，使其感知到实质性后果。\n    *   “首先，您的征信已更新为‘恶意拖欠’，这个记录会跟随您至少5年。其次，我们正在按流程联系您所有的紧急联系人，告知您的欠款及违约情况。”\n3.  提出“最后机会”方案，引导可验证承诺：在升级措施已启动的背景下，提供一条避免情况完全恶化的狭窄路径，要求其给出今天内能立刻兑现的小额还款。\n    *   “现在，这是您最后一次自我补救的机会。如果您能在接下来1小时内，通过微信先还上2000元，并截图给我确认，我可以申请暂缓后续的外访及法律函件流程。您是否能做到？”\n4.  对“未确认/待跟进”事项（今天内能否落实部分还款）进行追问与确认：无论客户如何回应，都必须获得一个“是”或“否”的明确答复，并锁定时间。\n    *   “请直接回答：能否在1小时内，也就是【具体时间点】前，还款2000元并给我截图？能，还是不能？”\n5.  根据客户回应明确后续动作：针对客户的不同回答，明确告知我方将采取的对应行动，结束通话。\n    *   若客户同意：“好，我记录下您承诺在【具体时间点】前还款2000元。我会在到时查账。如果再次未到，所有升级措施将全面执行，不再通知。”\n    *   若客户拒绝或拖延：“既然您再次放弃机会，所有已通知的升级措施将全部执行完毕。后续请您自行面对全部后果。再见。”\n\n**明确下一通电话的开场第一句话：**\n“雷先生，我是华夏银行章一凯。您承诺今天下班前还清6655元，现在时间已过，款项未到。基于您多次失信，银行升级流程已自动触发。”",
[13:05:57] [START_ENV_OVERRIDES]   "CUSTOMER_PROFILE": "【客户画像】\n催收员工号: 36472051,\n催收员姓名: 章一凯,\n客户姓名: 雷瑞敏,\n客户性别: 男,\n客户年龄: 43岁,\n客户尊称: 雷先生,\n客户所在城市: 天津,\n客户地址: 锦江区青年路541号15栋2单元493室,\n客户账户编号: L55264990,\n客户身份证后四位: 4701,\n银行全称: 华夏银行,\n贷款产品名称: 微粒贷,\n贷款时间: 9月13日,\n贷款金额: 24173元,\n当前逾期天数: 9天,\n当前逾期开始日期: 1月15日,\n是否首逾: 是,\n总欠款金额: 23642元,\n本期应还款额: 6655元,\n本金金额: 6032.9元,\n利息金额: 602.5元,\n罚息金额: 19.6元,\n银行要求本期一次性结清日期: 今天,\n银行要求本期一次性结清时间: 15,\n最近一次还款金额: 5739.6元,\n最近一次还款日期: 12月12日,\n最近一次还款方式: 银行卡自动扣款,\n最近一次延期天数: 无,\n最近一次延期是否按时到账: 无历史延期,\n客户风险分级: 低,\n约定还款方式: 微信还款,\n扣款银行卡后四位: 3950,\n对话基准日期: 1月24日,\n对话基准日期(周单位): 星期六,\n对话基准时间: 9点,",
[13:05:57] [START_ENV_OVERRIDES]   "WORKFLOW_TEXT": "【下一步对话策略】\n鉴于客户雷先生多次承诺还款均未兑现（包括“明天还清”、“找妻子借款”、“下班前还清6655元”），且本次最终承诺已到截止时间（下班前）仍未履约，客户信用已严重破产。策略核心目标为：立即执行预先警告的升级流程，以施加最大压力，同时尝试在启动升级流程的既定事实下，逼迫客户给出一个今天内必须兑现的、可验证的具体小额还款承诺，作为暂缓部分升级措施的交换条件。本次沟通态度需严肃、坚定，不再接受任何模糊承诺或借口。\n\n1.  开场直述事实与后果，宣告措施启动：明确告知其承诺再次失信，银行升级流程已立即启动，部分措施已执行，以打破其侥幸心理。\n    *   “雷先生，我是华夏银行章一凯。您承诺今天下班前还清6655元，现在时间已过，款项未到。基于您多次失信，银行升级流程已自动触发。”\n2.  施加压力并明确已/将采取的具体措施：清晰说明已对其征信造成的影响及即将采取的强力措施，使其感知到实质性后果。\n    *   “首先，您的征信已更新为‘恶意拖欠’，这个记录会跟随您至少5年。其次，我们正在按流程联系您所有的紧急联系人，告知您的欠款及违约情况。”\n3.  提出“最后机会”方案，引导可验证承诺：在升级措施已启动的背景下，提供一条避免情况完全恶化的狭窄路径，要求其给出今天内能立刻兑现的小额还款。\n    *   “现在，这是您最后一次自我补救的机会。如果您能在接下来1小时内，通过微信先还上2000元，并截图给我确认，我可以申请暂缓后续的外访及法律函件流程。您是否能做到？”\n4.  对“未确认/待跟进”事项（今天内能否落实部分还款）进行追问与确认：无论客户如何回应，都必须获得一个“是”或“否”的明确答复，并锁定时间。\n    *   “请直接回答：能否在1小时内，也就是【具体时间点】前，还款2000元并给我截图？能，还是不能？”\n5.  根据客户回应明确后续动作：针对客户的不同回答，明确告知我方将采取的对应行动，结束通话。\n    *   若客户同意：“好，我记录下您承诺在【具体时间点】前还款2000元。我会在到时查账。如果再次未到，所有升级措施将全面执行，不再通知。”\n    *   若客户拒绝或拖延：“既然您再次放弃机会，所有已通知的升级措施将全部执行完毕。后续请您自行面对全部后果。再见。”\n\n**明确下一通电话的开场第一句话：**\n“雷先生，我是华夏银行章一凯。您承诺今天下班前还清6655元，现在时间已过，款项未到。基于您多次失信，银行升级流程已自动触发。”",
[13:05:57] [START_ENV_OVERRIDES]   "WORKFLOW_JSON": "",
[13:05:57] [START_ENV_OVERRIDES]   "SYSTEM_INSTRUCTION_TEXT": "1、你是电话催收业务专家，本次任务的目标是根据客户和催收员对话的上文生成高质量的下一轮催收员话术。\n2、只输出催收员针对当前场景马上要应答的话术，输出内容要准确、简洁、可执行，避免空泛表述。\n3、当信息不足时先澄清关键变量，再给出下一步建议。\n4、要口语化、简洁明了",
[13:05:57] [START_ENV_OVERRIDES]   "INTENT_LABELS": "C00_确认本人接听\nC01_非本人接听\nC02_拒绝核验身份\nC03_质疑催收身份或合法性\nC04_当前可以沟通\nC05_当前不便沟通_请求改约时间\nC06_询问对方身份或来电目的\nC52_客户不方便接听\nC11_表示知晓欠款与逾期事实\nC12_表示不知晓逾期\nC13_询问逾期详情\nC14_询问具体还款金额\nC15_回顾还款历史\nC16_表示知晓逾期后果\nC17_询问逾期后果\nC20_解释逾期原因_客观困难\nC21_解释逾期原因_主观原因\nC22_表示经济困难无还款能力\nC18_说明逾期或资金困难已持续较长时间\nC28_无力全额还款\nC23_说明当前收入与现金流情况\nC24_说明多头负债或其他压力\nC25_表示家人亲友无法提供帮助\nC53_提供发薪日或进账日\nC26_说明筹措资金方法\nC27_预估可用还款金额\nC29_表示可以筹到足够资金\nC30_明确表示愿意还款\nC31_还款态度敷衍暧昧\nC32_明确拒绝还款\nC33_承诺部分还款\nC34_承诺全额还款\nC36_请求部分还款\nC90_提出还款时间安排\nC91_确认还款承诺\nC63_拒绝给出明确还款时间\nC93_拒绝或无法满足催方指定还款时间点\nC60_主动请求分期偿还\nC70_请求延期_模糊\nC71_请求延期_具体时间\nC80_主动请求减免或优惠\nC83_主动请求只还本金\nC40_要求不影响信用\nC41_抱怨催收骚扰\nC42_请求停止骚扰\nC43_情绪失控_辱骂或威胁\nC44_合约或费用争议\nC133_要求提供账务明细或盖章凭证\nC45_抱怨催收话术恐吓\nC46_否认逾期责任或完全甩锅他方\nC50_确认联系方式\nC51_更新联系方式\nC92_确认再联系时间或方式\nC54_拒绝联系家人或单位\nC95_还款途径说明\nC96_确认银行还款卡号\nC97_还款操作条件受限 / 暂时无法操作\nC100_接受后续流程或消极配合\nC132_主动结束对话\nC199_其他无实质业务意图\nC101_同意尝试走困难申请流程\nC102_愿意配合补充信息或材料\nC103_拒绝或无法提供申请材料",
[13:05:57] [START_ENV_OVERRIDES]   "INTENT_FALLBACK_LABEL": ""
[13:05:57] [START_ENV_OVERRIDES] }
[13:05:57] [START_ENV_OVERRIDES] END
[13:05:57] [CUSTOMER_DATA] profile_call_btn.invoke() dispatched
[13:05:59] process started: d:\anaconda3\python.exe -u mic_chunk_client.py --chunk-ms 20 --queue-size 128 --aec-ref-delay-ms 180 --aec-max-suppress-gain 2.2 --aec-near-end-protect-ratio 1.22 --aec-tts-warmup-mute-ms 80 --aec-tts-ref-wait-mute-ms 1200 --server-env public --aec --aec-engine webrtc --aec-webrtc-required --aec-auto-delay --no-aec-echo-gate --no-aec-webrtc-ns --no-aec-webrtc-post-filter --no-aec-tts-half-duplex
[13:05:59] {"endpoint": {"control": "wss://sd66afouoqou1cki04eng.apigateway-cn-beijing.volceapi.com/ws/realtime/control?session_id=mic_602a74fe920e&format=pcm", "media": "wss://sd66afouoqou1cki04eng.apigateway-cn-beijing.volceapi.com/ws/realtime/media?session_id=mic_602a74fe920e&format=pcm"}, "server_env": "public", "base_url": "https://sd66afouoqou1cki04eng.apigateway-cn-beijing.volceapi.com/", "transport": "ws", "session_id": "mic_602a74fe920e", "chunk_ms": 20, "sample_rate": 16000, "packets_per_second": 50.0, "chunk_bytes": 640, "ws_split_channels": true, "response_mode": "stream_audio", "playback": true, "local": false, "aec_enabled": true, "aec_engine": "webrtc", "aec_webrtc_required": true, "aec_webrtc_post_filter": false, "aec_ref_delay_ms": 180, "aec_ref_buffer_ms": 500, "asrws": false, "asr_language": "zh-CN"}
[13:05:59] Press Ctrl+C to stop.
[13:05:59] [mic] using default input device: index=1, name=麦克风阵列 (适用于数字麦克风的英特尔® 智音技术), max_input_channels=6, default_rate=44100
[13:05:59] [mic/monitor] opening input stream sample_rate=16000 chunk_ms=20 frames_per_chunk=320
[13:05:59] [ASR_MONITOR] mic_state source=main state=open reason=log_detected
[13:05:59] [mic/monitor] opened input stream sample_rate=16000 chunk_ms=20 frames_per_chunk=320
[13:05:59] [spk] using default output device: index=3, name=扬声器 (Realtek(R) Audio), max_output_channels=2, default_rate=44100
[13:06:00] [aec] output_latency_adjust base_delay_ms=180 output_latency_ms=128 effective_delay_ms=308 dynamic_delay_ms=308
[13:06:00] [aec] enabled engine=webrtc effective_engine=webrtc webrtc_backend=aec_audio_processing.AudioProcessor webrtc_post_filter=False ref_delay_ms=180 ref_buffer_ms=500 ref_hold_ms=250 auto_delay=True auto_delay_min_score=0.22 search_span_ms=260 search_step_ms=5 auto_delay_interval_chunks=4 echo_gate=False tts_warmup_mute_ms=80 tts_ref_wait_mute_ms=1200 tts_stale_ms=900 preserve_barge_in=True barge_in_warmup_rms=900.0 tts_gate_sim=0.66 tts_gate_clean_sim=0.5 tts_gate_rms_ratio=1.25 tts_half_duplex=False tts_barge_in_rms=1200.0 tts_barge_in_ratio=1.65 tts_barge_in_sim_max=0.55 tts_barge_in_chunks=2 tts_barge_in_interrupt=False near_end_protect_ratio=1.22 use_output_latency=True output_latency_ms=128 sample_rate=16000 playback_sample_rate=24000
[13:06:03] [ws] connected(control): wss://sd66afouoqou1cki04eng.apigateway-cn-beijing.volceapi.com/ws/realtime/control?session_id=mic_602a74fe920e&format=pcm
[13:06:03] [ws] connected(media):   wss://sd66afouoqou1cki04eng.apigateway-cn-beijing.volceapi.com/ws/realtime/media?session_id=mic_602a74fe920e&format=pcm
[13:06:03] [ws/event] {'event': 'waiting_peer', 'session_id': 'mic_602a74fe920e', 'channel': 'control', 'message': 'waiting for media/control channel'}
[13:06:03] [mic/monitor] first_chunk chunk_bytes=640 rms=0
[13:06:03] [ws/send] chunk=0 bytes=640
[13:06:03] [send] chunk=0 done in 0ms
[13:06:03] [ws/ready] session_id=mic_602a74fe920e
[13:06:03] [ws/control] set_system_prompt sent trigger=ready chars=0 prompt_context=on prompt_context_keys=customer_profile,system_instruction,workflow_text workflow_json=off nodes=0 edges=0
[13:06:03] [asr/monitor] ready session_id=mic_602a74fe920e sample_rate=16000
[13:06:03] [ws/send] chunk=20 bytes=640
[13:06:03] [send] chunk=20 done in 0ms
[13:06:03] [ws/command] command=set_system_prompt action=updated workflow_applied=None workflow_nodes=None workflow_edges=None
[13:06:04] [ws/send] chunk=40 bytes=640
[13:06:04] [send] chunk=40 done in 0ms
[13:06:04] [ws/send] chunk=60 bytes=640
[13:06:04] [send] chunk=60 done in 0ms
[13:06:04] [ws/send] chunk=80 bytes=640
[13:06:04] [send] chunk=80 done in 0ms
[13:06:05] [mic/monitor] captured_chunks=100 last_chunk_bytes=640 rms=0
[13:06:05] [ws/send] chunk=100 bytes=640
[13:06:05] [send] chunk=100 done in 0ms
[13:06:05] [ws/send] chunk=120 bytes=640
[13:06:05] [send] chunk=120 done in 0ms
[13:06:06] [ws/send] chunk=140 bytes=640
[13:06:06] [send] chunk=140 done in 0ms
[13:06:06] [ws/send] chunk=160 bytes=640
[13:06:06] [send] chunk=160 done in 8ms
[13:06:06] [ws/send] chunk=180 bytes=640
[13:06:06] [send] chunk=180 done in 10ms
[13:06:07] [mic/monitor] captured_chunks=200 last_chunk_bytes=640 rms=0
[13:06:07] [ws/send] chunk=200 bytes=640
[13:06:07] [send] chunk=200 done in 0ms
[13:06:07] [ws/send] chunk=220 bytes=640
[13:06:07] [send] chunk=220 done in 0ms
[13:06:08] [ws/send] chunk=240 bytes=640
[13:06:08] [send] chunk=240 done in 0ms
[13:06:08] [ws/send] chunk=260 bytes=640
[13:06:08] [send] chunk=260 done in 0ms
[13:06:08] [ws/send] chunk=280 bytes=640
[13:06:08] [send] chunk=280 done in 8ms
[13:06:09] [mic/monitor] captured_chunks=300 last_chunk_bytes=640 rms=0
[13:06:09] [ws/send] chunk=300 bytes=640
[13:06:09] [send] chunk=300 done in 0ms
[13:06:09] [ws/send] chunk=320 bytes=640
[13:06:09] [send] chunk=320 done in 0ms
[13:06:10] [ws/send] chunk=340 bytes=640
[13:06:10] [send] chunk=340 done in 0ms
[13:06:10] [ws/send] chunk=360 bytes=640
[13:06:10] [send] chunk=360 done in 0ms
[13:06:10] [ws/send] chunk=380 bytes=640
[13:06:11] [ASR_MONITOR] mic_state source=main state=closed reason=stop_clicked
[13:06:10] [send] chunk=380 done in 0ms
