# session_started_at=2026-03-08T09:08:30
# session_log_path=D:\MyProject\python\Agent\K_Distillation\volca\project\client_mic_chunk\logs\session_20260308_090830_390099.log
[09:08:30] [LOG_FILE] D:\MyProject\python\Agent\K_Distillation\volca\project\client_mic_chunk\logs\session_20260308_090830_390099.log
[09:08:30] [PROMPT_SYNC] system_chars=1687 profile_chars=516 workflow_chars=998 workflow_json=off intent_labels=63 fallback_label=-
[09:08:30] [FLOW_UPLOAD] disabled
[09:08:30] [START_ENV_OVERRIDES] BEGIN
[09:08:30] [START_ENV_OVERRIDES] {
[09:08:30] [START_ENV_OVERRIDES]   "CUSTOMER_PROFILE": "【客户画像】\n催收员工号: 83441102,\n催收员姓名: 张伟,\n客户姓名: 李曼丽,\n客户性别: 女,\n客户年龄: 38岁,\n客户尊称: 李女士,\n客户所在城市: 武汉,\n客户地址: 武昌区东湖景园2号楼1单元501室,\n客户账户编号: C2251570899,\n客户身份证后四位: 1278,\n银行全称: 建设银行,\n贷款产品名称: 快享经营贷,\n贷款时间: 10月5日,\n贷款金额: 18900元,\n当前逾期天数: 6天,\n当前逾期开始日期: 1月28日,\n是否首逾: 是,\n总欠款金额: 7620元,\n本期应还款额: 3850元,\n本金金额: 3520元,\n利息金额: 305元,\n罚息金额: 25元,\n银行要求本期一次性结清日期: 今天,\n银行要求本期一次性结清时间: 16,\n最近一次还款金额: 5210元,\n最近一次还款日期: 1月2日,\n最近一次还款方式: 柜台存现,\n最近一次延期天数: NA,\n最近一次延期是否按时到账: 无历史延期,\n客户风险分级: 低,\n约定还款方式: 支付宝还款,\n扣款银行卡后四位: 8731,\n对话基准日期: 2月3日,\n对话基准日期(周单位): 星期二,\n对话基准时间: 10点,",
[09:08:30] [START_ENV_OVERRIDES]   "WORKFLOW_TEXT": "好的，作为专业的对话策略顾问，根据您提供的资料，我为您制定如下分步策略，旨在确保承诺落实，化解潜在风险。\n\n**下一步对话策略建议（按优先级排序）：**\n\n1.  **【首要行动】在今日（3月8日）下午15:30-16:00间主动致电客户，确认其还款进展。**\n    *   **操作话术**：“李女士您好，我是建行的张伟。打扰您一下，关于今天下午4点前需要还款7620元的事，想跟您确认一下目前的筹款和还款进度怎么样了？您大概什么时间能操作还款呢？”\n    *   **如客户表示“正在操作/马上还”**：请其还款后通过短信或微信告知您，以便您第一时间跟进入账。\n    *   **如客户再次表示“今天还不了”【应对拒绝】**：应立即强调紧迫性并询问具体障碍：“李女士，今天4点是银行系统自动上报征信和计算罚息的最后时间点，如果错过，不良记录一旦产生就无法撤销了。您这边是遇到什么具体的困难了吗？看看我能否帮您协调一个临时的解决方案？”\n\n2.  **【核心跟进】无论客户是否主动反馈，都必须在今日16:00后，查询客户账户的入账情况并同步结果。**\n    *   **操作话术**（若已还款）：“李女士，跟您同步一个好消息，系统显示您账户的7620元欠款已经结清了，本次逾期处理完毕，后续请记得按时还款。打扰您了。”\n    *   **操作话术**（若未还款）：“李女士，非常遗憾地通知您，系统显示截至下午4点您的款项仍未到账。这意味着逾期记录已被上报，且罚息将持续累计。现在我们急需商讨一个明确的还款计划，您看明天中午12点前能否处理？”\n\n3.  **【预防建议】在确认本次欠款结清后，主动提供后续还款的温馨提示，体现服务价值。**\n    *   **操作话术**：“李女士，这次问题解决了就好。为了您保持良好的征信记录，我建议您可以设置一个还款提醒，或者考虑开通自动还款功能，避免以后因忙碌而忘记。如果需要，我可以现在指导您操作。”\n\n**策略核心逻辑说明：**\n本次策略遵循 **“承诺追踪 -> 结果闭环 -> 长期关系维护”** 的优先级。当前最大风险在于客户的承诺是口头且模糊的，策略1旨在将模糊承诺转化为具体行动，并在最后关头施加善意压力。策略2是履约管理的必要闭环，确保信息对称。策略3是在解决问题后，将单纯的催收转化为有价值的客户服务，为后续沟通奠定良好基础。",
[09:08:30] [START_ENV_OVERRIDES]   "WORKFLOW_JSON": "",
[09:08:30] [START_ENV_OVERRIDES]   "SYSTEM_INSTRUCTION_TEXT": "1、你是银行电话催收业务的专家，你的任务是结合用户画像和催收流程以及对话的上文为催收员生成下一步电话催收话术。\n2、请主动发起通话并推进沟通\n3、话术要口语化表达，说话要简短，不要长篇大论\n4、如需提问，每次不得超过两个问题。可以通过多轮对话把问题搞清楚，不能一股脑一次提一堆问题\n5、生成的话术是催收员实际要说的话，不能带任何注释和说明",
[09:08:30] [START_ENV_OVERRIDES]   "INTENT_LABELS": "C00_确认本人接听\nC01_非本人接听\nC02_拒绝核验身份\nC03_质疑催收身份或合法性\nC04_当前可以沟通\nC05_当前不便沟通_请求改约时间\nC06_询问对方身份或来电目的\nC11_表示知晓欠款与逾期事实\nC12_表示不知晓逾期\nC13_询问逾期详情\nC14_询问具体还款金额\nC15_回顾还款历史\nC16_表示知晓逾期后果\nC17_询问逾期后果\nC18_说明逾期或资金困难已持续较长时间\nC20_解释逾期原因_客观困难\nC21_解释逾期原因_主观原因\nC22_表示经济困难无还款能力\nC23_说明当前收入与现金流情况\nC24_说明多头负债或其他压力\nC25_表示家人亲友无法提供帮助\nC26_说明筹措资金方法\nC27_预估可用还款金额\nC28_无力全额还款\nC29_表示可以筹到足够资金\nC30_明确表示愿意还款\nC31_还款态度敷衍暧昧\nC32_明确拒绝还款\nC33_承诺部分还款\nC34_承诺全额还款\nC36_请求部分还款\nC40_要求不影响信用\nC41_抱怨催收骚扰\nC42_请求停止骚扰\nC43_情绪失控_辱骂或威胁\nC44_合约或费用争议\nC45_抱怨催收话术恐吓\nC46_否认逾期责任或完全甩锅他方\nC50_确认联系方式\nC51_更新联系方式\nC52_客户不方便接听\nC53_提供发薪日或进账日\nC54_拒绝联系家人或单位\nC60_主动请求分期偿还\nC63_拒绝给出明确还款时间\nC70_请求延期_模糊\nC71_请求延期_具体时间\nC80_主动请求减免或优惠\nC83_主动请求只还本金\nC90_提出还款时间安排\nC91_确认还款承诺\nC92_确认再联系时间或方式\nC93_拒绝或无法满足催方指定还款时间点\nC95_还款途径说明\nC96_确认银行还款卡号\nC97_还款操作条件受限 / 暂时无法操作\nC100_接受后续流程或消极配合\nC101_同意尝试走困难申请流程\nC102_愿意配合补充信息或材料\nC103_拒绝或无法提供申请材料\nC132_主动结束对话\nC133_要求提供账务明细或盖章凭证\nC199_其他无实质业务意图",
[09:08:30] [START_ENV_OVERRIDES]   "INTENT_FALLBACK_LABEL": ""
[09:08:30] [START_ENV_OVERRIDES] }
[09:08:30] [START_ENV_OVERRIDES] END
[09:08:30] process started: d:\anaconda3\python.exe -u mic_chunk_client.py --chunk-ms 20 --queue-size 128 --aec-ref-delay-ms 180 --aec-max-suppress-gain 2.2 --aec-near-end-protect-ratio 1.22 --aec-tts-warmup-mute-ms 80 --aec-tts-ref-wait-mute-ms 1200 --server-env local --aec --aec-engine webrtc --aec-webrtc-required --aec-auto-delay --no-aec-echo-gate --no-aec-webrtc-ns --no-aec-webrtc-post-filter --no-aec-tts-half-duplex
[09:08:31] {"endpoint": {"control": "ws://127.0.0.1:8080/ws/realtime/control?session_id=mic_5825aadf4474&format=pcm", "media": "ws://127.0.0.1:8080/ws/realtime/media?session_id=mic_5825aadf4474&format=pcm"}, "server_env": "local", "base_url": "http://127.0.0.1:8080", "transport": "ws", "session_id": "mic_5825aadf4474", "chunk_ms": 20, "sample_rate": 16000, "packets_per_second": 50.0, "chunk_bytes": 640, "ws_split_channels": true, "response_mode": "stream_audio", "playback": true, "local": false, "aec_enabled": true, "aec_engine": "webrtc", "aec_webrtc_required": true, "aec_webrtc_post_filter": false, "aec_ref_delay_ms": 180, "aec_ref_buffer_ms": 500, "asrws": false, "asr_language": "zh-CN"}
[09:08:31] Press Ctrl+C to stop.
[09:08:31] [ASR_MONITOR] mic_state source=main state=open reason=log_detected
[09:08:31] [mic] using default input device: index=1, name=麦克风阵列 (适用于数字麦克风的英特尔® 智音技术), max_input_channels=6, default_rate=44100
[09:08:31] [mic/monitor] opening input stream sample_rate=16000 chunk_ms=20 frames_per_chunk=320
[09:08:31] [mic/monitor] opened input stream sample_rate=16000 chunk_ms=20 frames_per_chunk=320
[09:08:31] [spk] using default output device: index=3, name=扬声器 (Realtek(R) Audio), max_output_channels=2, default_rate=44100
[09:08:32] [aec] output_latency_adjust base_delay_ms=180 output_latency_ms=128 effective_delay_ms=308 dynamic_delay_ms=308
[09:08:32] [aec] enabled engine=webrtc effective_engine=webrtc webrtc_backend=aec_audio_processing.AudioProcessor webrtc_post_filter=False ref_delay_ms=180 ref_buffer_ms=500 ref_hold_ms=250 auto_delay=True auto_delay_min_score=0.22 search_span_ms=260 search_step_ms=5 auto_delay_interval_chunks=4 echo_gate=False tts_warmup_mute_ms=80 tts_ref_wait_mute_ms=1200 tts_stale_ms=900 preserve_barge_in=True barge_in_warmup_rms=900.0 tts_gate_sim=0.66 tts_gate_clean_sim=0.5 tts_gate_rms_ratio=1.25 tts_half_duplex=False tts_barge_in_rms=1200.0 tts_barge_in_ratio=1.65 tts_barge_in_sim_max=0.55 tts_barge_in_chunks=2 tts_barge_in_interrupt=False near_end_protect_ratio=1.22 use_output_latency=True output_latency_ms=128 sample_rate=16000 playback_sample_rate=24000
[09:08:34] Stopped.
[09:08:34] Traceback (most recent call last):
[09:08:34]   File "D:\MyProject\python\Agent\K_Distillation\volca\project\client_mic_chunk\mic_chunk_client.py", line 2790, in <module>
[09:08:34]     main()
[09:08:34]   File "D:\MyProject\python\Agent\K_Distillation\volca\project\client_mic_chunk\mic_chunk_client.py", line 2779, in main
[09:08:34]     client.start()
[09:08:34]   File "D:\MyProject\python\Agent\K_Distillation\volca\project\client_mic_chunk\mic_chunk_client.py", line 1084, in start
[09:08:34]     self._connect_websocket()
[09:08:34]   File "D:\MyProject\python\Agent\K_Distillation\volca\project\client_mic_chunk\mic_chunk_client.py", line 1613, in _connect_websocket
[09:08:34]     self._ws_control = websocket.create_connection(
[09:08:34]                        ^^^^^^^^^^^^^^^^^^^^^^^^^^^^
[09:08:34]   File "D:\MyProject\python\Agent\K_Distillation\volca\project\client_mic_chunk\.vendor\websocket\_core.py", line 664, in create_connection
[09:08:34]     websock.connect(url, **options)
[09:08:34]   File "D:\MyProject\python\Agent\K_Distillation\volca\project\client_mic_chunk\.vendor\websocket\_core.py", line 263, in connect
[09:08:34]     self.sock, addrs = connect(
[09:08:34]                        ^^^^^^^^
[09:08:34]   File "D:\MyProject\python\Agent\K_Distillation\volca\project\client_mic_chunk\.vendor\websocket\_http.py", line 146, in connect
[09:08:34]     sock = _open_socket(addrinfo_list, options.sockopt, options.timeout)
[09:08:34]            ^^^^^^^^^^^^^^^^^^^^^^^^^^^^^^^^^^^^^^^^^^^^^^^^^^^^^^^^^^^^^
[09:08:34]   File "D:\MyProject\python\Agent\K_Distillation\volca\project\client_mic_chunk\.vendor\websocket\_http.py", line 233, in _open_socket
[09:08:34]     raise err
[09:08:34]   File "D:\MyProject\python\Agent\K_Distillation\volca\project\client_mic_chunk\.vendor\websocket\_http.py", line 210, in _open_socket
[09:08:34]     sock.connect(address)
[09:08:34] ConnectionRefusedError: [WinError 10061] 由于目标计算机积极拒绝，无法连接。
[09:08:34] [ASR_MONITOR] mic_state source=main state=closed reason=process_exit
[09:08:34] process exit: return_code=None
