# session_started_at=2026-03-09T13:14:24
# session_log_path=D:\MyProject\python\Agent\K_Distillation\volca\project\client_mic_chunk\logs\session_20260309_131424_934381.log
[13:14:24] [LOG_FILE] D:\MyProject\python\Agent\K_Distillation\volca\project\client_mic_chunk\logs\session_20260309_131424_934381.log
[13:14:24] [PROMPT_SYNC] system_chars=1364 profile_chars=533 workflow_chars=606 workflow_json=off intent_labels=63 fallback_label=-
[13:14:24] [FLOW_UPLOAD] disabled
[13:14:24] [START_ENV_OVERRIDES] BEGIN
[13:14:24] [START_ENV_OVERRIDES] {
[13:14:24] [START_ENV_OVERRIDES]   "CUSTOMER_PROFILE": "【客户画像】\n催收员工号: 72350912,\n催收员姓名: 李悦,\n客户姓名: 王建国,\n客户性别: 男,\n客户年龄: 38岁,\n客户尊称: 王先生,\n客户所在城市: 武汉,\n客户地址: 洪山区光谷天地2号楼1单元512室,\n客户账户编号: D3362481788,\n客户身份证后四位: 3719,\n银行全称: 中国建设银行,\n贷款产品名称: 龙卡消费贷,\n贷款时间: 10月22日,\n贷款金额: 21345元,\n当前逾期天数: 12天,\n当前逾期开始日期: 1月12日,\n是否首逾: 是,\n总欠款金额: 9672元,\n本期应还款额: 4528元,\n本金金额: 4156.3元,\n利息金额: 347.8元,\n罚息金额: 23.9元,\n银行要求本期一次性结清日期: 今天,\n银行要求本期一次性结清时间: 16,\n最近一次还款金额: 5890.7元,\n最近一次还款日期: 11月25日,\n最近一次还款方式: 柜台现金存款,\n最近一次延期天数: NA,\n最近一次延期是否按时到账: 无历史延期,\n客户风险分级: 低,\n约定还款方式: 支付宝还款,\n扣款银行卡后四位: 7821,\n对话基准日期: 1月24日,\n对话基准日期(周单位): 星期六,\n对话基准时间: 14点,",
[13:14:24] [START_ENV_OVERRIDES]   "WORKFLOW_TEXT": "**客户类型判断：** 恶意拖欠型。客户多次做出明确还款承诺（09:28“今天能结清”，10:57“下班前肯定能还”，11:15“我发了，一会发给你”，11:25“肯定能借来”），但均未兑现，且不断更换筹款理由（哥们、前妻、前岳父），行为模式表现为习惯性拖延和欺骗，缺乏还款诚意。\n\n**下一步对话策略建议（按优先级排序）：**\n\n1.  **首要策略：严正警告并宣告行动升级**\n    立即致电客户，严厉指出其1小时承诺再次失信，银行视其为恶意拖欠，将即刻启动正式法律诉讼立案/债权转让流程，不再接受任何新的还款承诺，责令其立即处理全部欠款。\n\n2.  **直接戳穿谎言，施加现实压力**\n    针对其“已发还款截图”的谎言，严厉要求其当场在通话中通过短信或微信渠道发送截图供实时核验，若无法提供，则明确指出该行为构成欺诈，将作为其恶意逃避债务的证据提交。\n\n3.  **锁定唯一方案，关闭拖延空间**\n    明确告知客户，所有“向他人借款”的借口均不被认可，勒令其立即使用本人现有资金（包括储蓄、信用卡额度或其他可即时套现的渠道）进行还款，强调这是避免法律后果的唯一途径。\n\n4.  **具象化法律与征信后果，打破其侥幸心理**\n    针对其害怕影响征信的心理，不再进行泛泛警告，而是具体告知其案件进入司法程序后，将被列为“失信被执行人”所带来的具体影响，如冻结所有支付账户、限制高消费、公开曝光等。",
[13:14:24] [START_ENV_OVERRIDES]   "WORKFLOW_JSON": "",
[13:14:24] [START_ENV_OVERRIDES]   "SYSTEM_INSTRUCTION_TEXT": "1、你是银行电话催收业务的专家，你的任务是结合用户画像和催收流程以及对话的上文为催收员生成下一步电话催收话术。\n2、请主动发起通话并推进沟通\n3、话术要口语化表达，说话要简短，不要长篇大论\n4、如需提问，每次不得超过两个问题。可以通过多轮对话把问题搞清楚，不能一股脑一次提一堆问题\n5、生成的话术是催收员实际要说的话，不能带任何注释和说明\n6、如果有需要核实的问题，不能在线核实（所有的核实工作需要线下完成），此时需要输出结束当前对话的话术。",
[13:14:24] [START_ENV_OVERRIDES]   "INTENT_LABELS": "C00_确认本人接听\nC01_非本人接听\nC02_拒绝核验身份\nC03_质疑催收身份或合法性\nC04_当前可以沟通\nC05_当前不便沟通_请求改约时间\nC06_询问对方身份或来电目的\nC11_表示知晓欠款与逾期事实\nC12_表示不知晓逾期\nC13_询问逾期详情\nC14_询问具体还款金额\nC15_回顾还款历史\nC16_表示知晓逾期后果\nC17_询问逾期后果\nC18_说明逾期或资金困难已持续较长时间\nC20_解释逾期原因_客观困难\nC21_解释逾期原因_主观原因\nC22_表示经济困难无还款能力\nC23_说明当前收入与现金流情况\nC24_说明多头负债或其他压力\nC25_表示家人亲友无法提供帮助\nC26_说明筹措资金方法\nC27_预估可用还款金额\nC28_无力全额还款\nC29_表示可以筹到足够资金\nC30_明确表示愿意还款\nC31_还款态度敷衍暧昧\nC32_明确拒绝还款\nC33_承诺部分还款\nC34_承诺全额还款\nC36_请求部分还款\nC40_要求不影响信用\nC41_抱怨催收骚扰\nC42_请求停止骚扰\nC43_情绪失控_辱骂或威胁\nC44_合约或费用争议\nC45_抱怨催收话术恐吓\nC46_否认逾期责任或完全甩锅他方\nC50_确认联系方式\nC51_更新联系方式\nC52_客户不方便接听\nC53_提供发薪日或进账日\nC54_拒绝联系家人或单位\nC60_主动请求分期偿还\nC63_拒绝给出明确还款时间\nC70_请求延期_模糊\nC71_请求延期_具体时间\nC80_主动请求减免或优惠\nC83_主动请求只还本金\nC90_提出还款时间安排\nC91_确认还款承诺\nC92_确认再联系时间或方式\nC93_拒绝或无法满足催方指定还款时间点\nC95_还款途径说明\nC96_确认银行还款卡号\nC97_还款操作条件受限 / 暂时无法操作\nC100_接受后续流程或消极配合\nC101_同意尝试走困难申请流程\nC102_愿意配合补充信息或材料\nC103_拒绝或无法提供申请材料\nC132_主动结束对话\nC133_要求提供账务明细或盖章凭证\nC199_其他无实质业务意图",
[13:14:24] [START_ENV_OVERRIDES]   "INTENT_FALLBACK_LABEL": ""
[13:14:24] [START_ENV_OVERRIDES] }
[13:14:24] [START_ENV_OVERRIDES] END
[13:14:24] [CUSTOMER_DATA] profile_call_btn.invoke() dispatched
[13:14:25] process started: d:\anaconda3\python.exe -u mic_chunk_client.py --chunk-ms 20 --queue-size 128 --aec-ref-delay-ms 180 --aec-max-suppress-gain 2.2 --aec-near-end-protect-ratio 1.22 --aec-tts-warmup-mute-ms 80 --aec-tts-ref-wait-mute-ms 1200 --server-env public --aec --aec-engine webrtc --aec-webrtc-required --aec-auto-delay --no-aec-echo-gate --no-aec-webrtc-ns --no-aec-webrtc-post-filter --no-aec-tts-half-duplex
[13:14:25] {"endpoint": {"control": "wss://sd66afouoqou1cki04eng.apigateway-cn-beijing.volceapi.com/ws/realtime/control?session_id=mic_642e567ffac2&format=pcm", "media": "wss://sd66afouoqou1cki04eng.apigateway-cn-beijing.volceapi.com/ws/realtime/media?session_id=mic_642e567ffac2&format=pcm"}, "server_env": "public", "base_url": "https://sd66afouoqou1cki04eng.apigateway-cn-beijing.volceapi.com/", "transport": "ws", "session_id": "mic_642e567ffac2", "chunk_ms": 20, "sample_rate": 16000, "packets_per_second": 50.0, "chunk_bytes": 640, "ws_split_channels": true, "response_mode": "stream_audio", "playback": true, "local": false, "aec_enabled": true, "aec_engine": "webrtc", "aec_webrtc_required": true, "aec_webrtc_post_filter": false, "aec_ref_delay_ms": 180, "aec_ref_buffer_ms": 500, "asrws": false, "asr_language": "zh-CN"}
[13:14:25] Press Ctrl+C to stop.
[13:14:26] [mic] using default input device: index=1, name=麦克风阵列 (适用于数字麦克风的英特尔® 智音技术), max_input_channels=6, default_rate=44100
[13:14:26] [mic/monitor] opening input stream sample_rate=16000 chunk_ms=20 frames_per_chunk=320
[13:14:26] [ASR_MONITOR] mic_state source=main state=open reason=log_detected
[13:14:26] [mic/monitor] opened input stream sample_rate=16000 chunk_ms=20 frames_per_chunk=320
[13:14:26] [spk] using default output device: index=3, name=扬声器 (Realtek(R) Audio), max_output_channels=2, default_rate=44100
[13:14:26] [aec] output_latency_adjust base_delay_ms=180 output_latency_ms=128 effective_delay_ms=308 dynamic_delay_ms=308
[13:14:26] [aec] enabled engine=webrtc effective_engine=webrtc webrtc_backend=aec_audio_processing.AudioProcessor webrtc_post_filter=False ref_delay_ms=180 ref_buffer_ms=500 ref_hold_ms=250 auto_delay=True auto_delay_min_score=0.22 search_span_ms=260 search_step_ms=5 auto_delay_interval_chunks=4 echo_gate=False tts_warmup_mute_ms=80 tts_ref_wait_mute_ms=1200 tts_stale_ms=900 preserve_barge_in=True barge_in_warmup_rms=900.0 tts_gate_sim=0.66 tts_gate_clean_sim=0.5 tts_gate_rms_ratio=1.25 tts_half_duplex=False tts_barge_in_rms=1200.0 tts_barge_in_ratio=1.65 tts_barge_in_sim_max=0.55 tts_barge_in_chunks=2 tts_barge_in_interrupt=False near_end_protect_ratio=1.22 use_output_latency=True output_latency_ms=128 sample_rate=16000 playback_sample_rate=24000
[13:14:27] [server/whoami] {"ok": true, "host": "c0ma3f25-yx1ag13njl-reserved-b6545c468-h49mv", "pid": 41, "revision": "", "pod_name": "c0ma3f25-yx1ag13njl-reserved-b6545c468-h49mv", "function_name": "", "function_id": "", "client": "9.135.102.175", "log_dir": "/mnt/tos/logs", "log_file": "/mnt/tos/logs/run_20260309_130332_41.log", "ts": 1773033267.8799388, "status_code": 200}
[13:14:30] [ws] connected(control): wss://sd66afouoqou1cki04eng.apigateway-cn-beijing.volceapi.com/ws/realtime/control?session_id=mic_642e567ffac2&format=pcm
[13:14:30] [ws] connected(media):   wss://sd66afouoqou1cki04eng.apigateway-cn-beijing.volceapi.com/ws/realtime/media?session_id=mic_642e567ffac2&format=pcm
[13:14:30] [ws/event] {'event': 'waiting_peer', 'session_id': 'mic_642e567ffac2', 'channel': 'control', 'message': 'waiting for media/control channel'}
[13:14:30] [mic/monitor] first_chunk chunk_bytes=640 rms=0
[13:14:30] [ws/send] chunk=0 bytes=640
[13:14:30] [send] chunk=0 done in 0ms
[13:14:30] [ws/ready] session_id=mic_642e567ffac2
[13:14:30] [ws/control] set_system_prompt sent trigger=ready chars=0 prompt_context=on prompt_context_keys=customer_profile,system_instruction,workflow_text workflow_json=off nodes=0 edges=0
[13:14:30] [asr/monitor] ready session_id=mic_642e567ffac2 sample_rate=16000
[13:14:31] [ws/send] chunk=20 bytes=640
[13:14:31] [send] chunk=20 done in 0ms
[13:14:31] [ws/command] command=set_system_prompt action=updated terminate_source= terminate_reason= terminate_trace_id= workflow_applied=None workflow_nodes=None workflow_edges=None
[13:14:31] [ws/send] chunk=40 bytes=640
[13:14:31] [send] chunk=40 done in 0ms
[13:14:31] [ws/send] chunk=60 bytes=640
[13:14:31] [send] chunk=60 done in 0ms
[13:14:32] [ws/send] chunk=80 bytes=640
[13:14:32] [send] chunk=80 done in 0ms
[13:14:32] [mic/monitor] captured_chunks=100 last_chunk_bytes=640 rms=0
[13:14:32] [ws/send] chunk=100 bytes=640
[13:14:32] [send] chunk=100 done in 1ms
[13:14:33] [ws/send] chunk=120 bytes=640
[13:14:33] [send] chunk=120 done in 0ms
[13:14:33] [ws/send] chunk=140 bytes=640
[13:14:33] [send] chunk=140 done in 0ms
[13:14:33] [ws/send] chunk=160 bytes=640
[13:14:33] [send] chunk=160 done in 0ms
[13:14:34] [ws/send] chunk=180 bytes=640
[13:14:34] [send] chunk=180 done in 0ms
[13:14:34] [mic/monitor] captured_chunks=200 last_chunk_bytes=640 rms=0
[13:14:34] [ws/send] chunk=200 bytes=640
[13:14:34] [send] chunk=200 done in 0ms
[13:14:35] [ws/send] chunk=220 bytes=640
[13:14:35] [send] chunk=220 done in 0ms
[13:14:35] [ws/send] chunk=240 bytes=640
[13:14:35] [send] chunk=240 done in 0ms
[13:14:35] [ws/send] chunk=260 bytes=640
[13:14:35] [send] chunk=260 done in 1ms
[13:14:36] [ws/send] chunk=280 bytes=640
[13:14:36] [send] chunk=280 done in 0ms
[13:14:36] [mic/monitor] captured_chunks=300 last_chunk_bytes=640 rms=0
[13:14:36] [ws/send] chunk=300 bytes=640
[13:14:36] [send] chunk=300 done in 1ms
[13:14:37] [ws/send] chunk=320 bytes=640
[13:14:37] [send] chunk=320 done in 0ms
[13:14:37] [ws/send] chunk=340 bytes=640
[13:14:37] [send] chunk=340 done in 1ms
[13:14:37] [ws/send] chunk=360 bytes=640
[13:14:37] [send] chunk=360 done in 1ms
[13:14:38] [ws/send] chunk=380 bytes=640
[13:14:38] [send] chunk=380 done in 0ms
[13:14:38] [mic/monitor] captured_chunks=400 last_chunk_bytes=640 rms=0
[13:14:38] [ws/send] chunk=400 bytes=640
[13:14:38] [send] chunk=400 done in 1ms
[13:14:38] [asr/monitor] waiting_first_commit elapsed_ms=8000
[13:14:39] [ws/send] chunk=420 bytes=640
[13:14:39] [send] chunk=420 done in 0ms
[13:14:39] [ws/send] chunk=440 bytes=640
[13:14:39] [send] chunk=440 done in 1ms
[13:14:39] [ws/send] chunk=460 bytes=640
[13:14:39] [send] chunk=460 done in 0ms
[13:14:40] [ws/send] chunk=480 bytes=640
[13:14:40] [send] chunk=480 done in 0ms
[13:14:40] [mic/monitor] captured_chunks=500 last_chunk_bytes=640 rms=0
[13:14:40] [ws/send] chunk=500 bytes=640
[13:14:40] [send] chunk=500 done in 0ms
[13:14:41] [ws/send] chunk=520 bytes=640
[13:14:41] [send] chunk=520 done in 0ms
[13:14:41] [ws/send] chunk=540 bytes=640
[13:14:41] [send] chunk=540 done in 0ms
[13:14:41] [ws/send] chunk=560 bytes=640
[13:14:41] [send] chunk=560 done in 0ms
[13:14:42] [ws/send] chunk=580 bytes=640
[13:14:42] [send] chunk=580 done in 0ms
[13:14:42] [mic/monitor] captured_chunks=600 last_chunk_bytes=640 rms=0
[13:14:42] [ws/send] chunk=600 bytes=640
[13:14:42] [send] chunk=600 done in 0ms
[13:14:43] [ws/send] chunk=620 bytes=640
[13:14:43] [send] chunk=620 done in 1ms
[13:14:43] [ws/send] chunk=640 bytes=640
[13:14:43] [send] chunk=640 done in 1ms
[13:14:43] [ws/send] chunk=660 bytes=640
[13:14:43] [send] chunk=660 done in 0ms
[13:14:44] [ws/send] chunk=680 bytes=640
[13:14:44] [send] chunk=680 done in 0ms
[13:14:44] [mic/monitor] captured_chunks=700 last_chunk_bytes=640 rms=0
[13:14:44] [ws/send] chunk=700 bytes=640
[13:14:44] [send] chunk=700 done in 0ms
[13:14:45] [ws/send] chunk=720 bytes=640
[13:14:45] [send] chunk=720 done in 0ms
[13:14:45] [ws/send] chunk=740 bytes=640
[13:14:45] [send] chunk=740 done in 0ms
[13:14:45] [ws/send] chunk=760 bytes=640
[13:14:45] [send] chunk=760 done in 0ms
[13:14:46] [ws/send] chunk=780 bytes=640
[13:14:46] [send] chunk=780 done in 0ms
[13:14:46] [mic/monitor] captured_chunks=800 last_chunk_bytes=640 rms=0
[13:14:46] [ws/send] chunk=800 bytes=640
[13:14:46] [send] chunk=800 done in 0ms
[13:14:47] [ws/send] chunk=820 bytes=640
[13:14:47] [send] chunk=820 done in 0ms
[13:14:47] [ws/send] chunk=840 bytes=640
[13:14:47] [send] chunk=840 done in 1ms
[13:14:47] [ws/send] chunk=860 bytes=640
[13:14:47] [send] chunk=860 done in 0ms
[13:14:48] [ws/send] chunk=880 bytes=640
[13:14:48] [send] chunk=880 done in 0ms
[13:14:48] [mic/monitor] captured_chunks=900 last_chunk_bytes=640 rms=0
[13:14:48] [ws/send] chunk=900 bytes=640
[13:14:48] [send] chunk=900 done in 0ms
[13:14:49] [ws/send] chunk=920 bytes=640
[13:14:49] [send] chunk=920 done in 1ms
[13:14:49] [ws/send] chunk=940 bytes=640
[13:14:49] [send] chunk=940 done in 1ms
[13:14:49] [ws/send] chunk=960 bytes=640
[13:14:49] [send] chunk=960 done in 1ms
[13:14:50] [ws/send] chunk=980 bytes=640
[13:14:50] [send] chunk=980 done in 2ms
[13:14:50] [mic/monitor] captured_chunks=1000 last_chunk_bytes=640 rms=0
[13:14:50] [ws/send] chunk=1000 bytes=640
[13:14:50] [send] chunk=1000 done in 0ms
[13:14:51] [ws/send] chunk=1020 bytes=640
[13:14:51] [send] chunk=1020 done in 0ms
[13:14:51] [ws/send] chunk=1040 bytes=640
[13:14:51] [send] chunk=1040 done in 1ms
[13:14:51] [ws/send] chunk=1060 bytes=640
[13:14:51] [send] chunk=1060 done in 0ms
[13:14:52] [ws/send] chunk=1080 bytes=640
[13:14:52] [send] chunk=1080 done in 0ms
[13:14:52] [mic/monitor] captured_chunks=1100 last_chunk_bytes=640 rms=0
[13:14:52] [ws/send] chunk=1100 bytes=640
[13:14:52] [send] chunk=1100 done in 0ms
[13:14:53] [ws/send] chunk=1120 bytes=640
[13:14:53] [ASR_MONITOR] mic_state source=main state=closed reason=stop_clicked
[13:14:53] [send] chunk=1120 done in 0ms
[13:14:53] process exit: return_code=1
