# session_started_at=2026-03-07T10:00:48
# session_log_path=D:\MyProject\python\Agent\K_Distillation\volca\project\client_mic_chunk\logs\session_20260307_100048_055067.log
[10:00:48] [LOG_FILE] D:\MyProject\python\Agent\K_Distillation\volca\project\client_mic_chunk\logs\session_20260307_100048_055067.log
[10:00:48] [PROMPT_SYNC] system_chars=1405 profile_chars=529 workflow_chars=739 workflow_json=off intent_labels=63 fallback_label=-
[10:00:48] [FLOW_UPLOAD] disabled
[10:00:48] [START_ENV_OVERRIDES] BEGIN
[10:00:48] [START_ENV_OVERRIDES] {
[10:00:48] [START_ENV_OVERRIDES]   "SYSTEM_PROMPT": "1、你是电话催收业务专家，本次任务的目标是根据客户和催收员对话的上文生成高质量的下一轮催收员话术。\n2、只输出催收员针对当前场景马上要应答的话术，输出内容要准确、简洁、可执行，避免空泛表述。\n3、当信息不足时先澄清关键变量，再给出下一步建议。\n4、要口语化、简洁明了\n\n【客户画像】\n催收员工号: 51016822,\n催收员姓名: 宣坤,\n客户姓名: 孟珊霖,\n客户性别: 男,\n客户年龄: 49岁,\n客户尊称: 孟先生,\n客户所在城市: 广州,\n客户地址: 南山区华庭小区22号楼1单元171室,\n客户账户编号: C38888930,\n客户身份证后四位: 6063,\n银行全称: 中信银行,\n贷款产品名称: 好借贷,\n贷款时间: 4月14日,\n贷款金额: 35713元,\n当前逾期天数: 21天,\n当前逾期开始日期: 1月16日,\n是否首逾: 是,\n总欠款金额: 27778元,\n本期应还款额: 12255元,\n本金金额: 11398.6元,\n利息金额: 798.1元,\n罚息金额: 58.3元,\n银行要求本期一次性结清日期: 今天,\n银行要求本期一次性结清时间: 12点,\n最近一次还款金额: 11117.7元,\n最近一次还款日期: 12月19日,\n最近一次还款方式: 微信还款,\n最近一次延期天数: 5天,\n最近一次延期是否按时到账: 按时到账,\n客户风险分级: 中等,\n约定还款方式: 微信还款,\n扣款银行卡后四位: 6057,\n对话基准日期: 2月06日,\n对话基准日期(周单位): 星期五,\n对话基准时间: 11点,\n\n【下一步对话策略】\n**核心目标：** 打破客户“拖延-承诺-爽约”的循环，从“获取承诺”转向“促成实质性还款行动”或“确认真实还款意愿与能力”，为后续可能的升级处置或协商方案铺垫。策略重点为施压、究因、锁死下一步具体动作。\n\n1.  **开场定调，直指违约：**\n    “孟先生，现在已经超过12点了，您承诺的12255元并没有到账，您已经违约了。”\n\n2.  **明确告知违约后果，施加压力：**\n    “由于您再次未履行承诺，账户将进入更严重的逾期阶段，我们后续将按规定采取上报征信、计收更多罚息，并可能启动法律催收流程。”\n\n3.  **追问具体原因，探寻真实还款能力（针对“未确认/待跟进”事项的追问策略）：**\n    “我需要了解，您说向另一位朋友借款，具体是遇到了什么障碍？您本人目前可以动用的资金有多少？”（确认口径：必须获取客户对“借款失败具体原因”及“本人当前可支配金额”的明确答复，而非另一个模糊的承诺。）\n\n4.  **根据客户回应，锁定唯一可行的后续动作：**\n    *   **若客户仍承诺可还款：**\n        “请您现在当着我的面，通过微信完成还款操作。我需要听到您操作成功的提示音，或者您提供转账截图给我核实。这是证明您还款意愿的唯一方式。”\n    *   **若客户表示确实无力全额还款：**\n        “既然您目前确实有困难，我们需要讨论一个银行可能接受的、有约束力的解决方案。请您提供您的收入证明和近期银行流水，以便我们评估是否可申请分期。但同时，今天必须处理部分款项，以表诚意，您最低能先还多少？”\n\n**【下一通电话开场第一句话】**\n孟先生，现在已经超过12点了，您承诺的12255元并没有到账，您已经违约了。",
[10:00:48] [START_ENV_OVERRIDES]   "CUSTOMER_PROFILE": "【客户画像】\n催收员工号: 51016822,\n催收员姓名: 宣坤,\n客户姓名: 孟珊霖,\n客户性别: 男,\n客户年龄: 49岁,\n客户尊称: 孟先生,\n客户所在城市: 广州,\n客户地址: 南山区华庭小区22号楼1单元171室,\n客户账户编号: C38888930,\n客户身份证后四位: 6063,\n银行全称: 中信银行,\n贷款产品名称: 好借贷,\n贷款时间: 4月14日,\n贷款金额: 35713元,\n当前逾期天数: 21天,\n当前逾期开始日期: 1月16日,\n是否首逾: 是,\n总欠款金额: 27778元,\n本期应还款额: 12255元,\n本金金额: 11398.6元,\n利息金额: 798.1元,\n罚息金额: 58.3元,\n银行要求本期一次性结清日期: 今天,\n银行要求本期一次性结清时间: 12点,\n最近一次还款金额: 11117.7元,\n最近一次还款日期: 12月19日,\n最近一次还款方式: 微信还款,\n最近一次延期天数: 5天,\n最近一次延期是否按时到账: 按时到账,\n客户风险分级: 中等,\n约定还款方式: 微信还款,\n扣款银行卡后四位: 6057,\n对话基准日期: 2月06日,\n对话基准日期(周单位): 星期五,\n对话基准时间: 11点,",
[10:00:48] [START_ENV_OVERRIDES]   "WORKFLOW_TEXT": "【下一步对话策略】\n**核心目标：** 打破客户“拖延-承诺-爽约”的循环，从“获取承诺”转向“促成实质性还款行动”或“确认真实还款意愿与能力”，为后续可能的升级处置或协商方案铺垫。策略重点为施压、究因、锁死下一步具体动作。\n\n1.  **开场定调，直指违约：**\n    “孟先生，现在已经超过12点了，您承诺的12255元并没有到账，您已经违约了。”\n\n2.  **明确告知违约后果，施加压力：**\n    “由于您再次未履行承诺，账户将进入更严重的逾期阶段，我们后续将按规定采取上报征信、计收更多罚息，并可能启动法律催收流程。”\n\n3.  **追问具体原因，探寻真实还款能力（针对“未确认/待跟进”事项的追问策略）：**\n    “我需要了解，您说向另一位朋友借款，具体是遇到了什么障碍？您本人目前可以动用的资金有多少？”（确认口径：必须获取客户对“借款失败具体原因”及“本人当前可支配金额”的明确答复，而非另一个模糊的承诺。）\n\n4.  **根据客户回应，锁定唯一可行的后续动作：**\n    *   **若客户仍承诺可还款：**\n        “请您现在当着我的面，通过微信完成还款操作。我需要听到您操作成功的提示音，或者您提供转账截图给我核实。这是证明您还款意愿的唯一方式。”\n    *   **若客户表示确实无力全额还款：**\n        “既然您目前确实有困难，我们需要讨论一个银行可能接受的、有约束力的解决方案。请您提供您的收入证明和近期银行流水，以便我们评估是否可申请分期。但同时，今天必须处理部分款项，以表诚意，您最低能先还多少？”\n\n**【下一通电话开场第一句话】**\n孟先生，现在已经超过12点了，您承诺的12255元并没有到账，您已经违约了。",
[10:00:48] [START_ENV_OVERRIDES]   "WORKFLOW_JSON": "",
[10:00:48] [START_ENV_OVERRIDES]   "SYSTEM_INSTRUCTION_TEXT": "1、你是电话催收业务专家，本次任务的目标是根据客户和催收员对话的上文生成高质量的下一轮催收员话术。\n2、只输出催收员针对当前场景马上要应答的话术，输出内容要准确、简洁、可执行，避免空泛表述。\n3、当信息不足时先澄清关键变量，再给出下一步建议。\n4、要口语化、简洁明了",
[10:00:48] [START_ENV_OVERRIDES]   "INTENT_LABELS": "C00_确认本人接听\nC01_非本人接听\nC02_拒绝核验身份\nC03_质疑催收身份或合法性\nC04_当前可以沟通\nC05_当前不便沟通_请求改约时间\nC06_询问对方身份或来电目的\nC52_客户不方便接听\nC11_表示知晓欠款与逾期事实\nC12_表示不知晓逾期\nC13_询问逾期详情\nC14_询问具体还款金额\nC15_回顾还款历史\nC16_表示知晓逾期后果\nC17_询问逾期后果\nC20_解释逾期原因_客观困难\nC21_解释逾期原因_主观原因\nC22_表示经济困难无还款能力\nC18_说明逾期或资金困难已持续较长时间\nC28_无力全额还款\nC23_说明当前收入与现金流情况\nC24_说明多头负债或其他压力\nC25_表示家人亲友无法提供帮助\nC53_提供发薪日或进账日\nC26_说明筹措资金方法\nC27_预估可用还款金额\nC29_表示可以筹到足够资金\nC30_明确表示愿意还款\nC31_还款态度敷衍暧昧\nC32_明确拒绝还款\nC33_承诺部分还款\nC34_承诺全额还款\nC36_请求部分还款\nC90_提出还款时间安排\nC91_确认还款承诺\nC63_拒绝给出明确还款时间\nC93_拒绝或无法满足催方指定还款时间点\nC60_主动请求分期偿还\nC70_请求延期_模糊\nC71_请求延期_具体时间\nC80_主动请求减免或优惠\nC83_主动请求只还本金\nC40_要求不影响信用\nC41_抱怨催收骚扰\nC42_请求停止骚扰\nC43_情绪失控_辱骂或威胁\nC44_合约或费用争议\nC133_要求提供账务明细或盖章凭证\nC45_抱怨催收话术恐吓\nC46_否认逾期责任或完全甩锅他方\nC50_确认联系方式\nC51_更新联系方式\nC92_确认再联系时间或方式\nC54_拒绝联系家人或单位\nC95_还款途径说明\nC96_确认银行还款卡号\nC97_还款操作条件受限 / 暂时无法操作\nC100_接受后续流程或消极配合\nC132_主动结束对话\nC199_其他无实质业务意图\nC101_同意尝试走困难申请流程\nC102_愿意配合补充信息或材料\nC103_拒绝或无法提供申请材料",
[10:00:48] [START_ENV_OVERRIDES]   "INTENT_FALLBACK_LABEL": ""
[10:00:48] [START_ENV_OVERRIDES] }
[10:00:48] [START_ENV_OVERRIDES] END
[10:00:47] [CUSTOMER_DATA] profile_call_btn.invoke() dispatched
[10:00:49] process started: d:\anaconda3\python.exe -u mic_chunk_client.py --chunk-ms 20 --queue-size 128 --aec-ref-delay-ms 180 --aec-max-suppress-gain 2.2 --aec-near-end-protect-ratio 1.22 --aec-tts-warmup-mute-ms 80 --aec-tts-ref-wait-mute-ms 1200 --server-env local --aec --aec-engine webrtc --aec-webrtc-required --aec-auto-delay --no-aec-echo-gate --no-aec-webrtc-ns --no-aec-webrtc-post-filter --no-aec-tts-half-duplex
[10:00:49] {"endpoint": {"control": "ws://127.0.0.1:8080/ws/realtime/control?session_id=mic_c576c75626e0&format=pcm", "media": "ws://127.0.0.1:8080/ws/realtime/media?session_id=mic_c576c75626e0&format=pcm"}, "server_env": "local", "base_url": "http://127.0.0.1:8080", "transport": "ws", "session_id": "mic_c576c75626e0", "chunk_ms": 20, "sample_rate": 16000, "packets_per_second": 50.0, "chunk_bytes": 640, "ws_split_channels": true, "response_mode": "stream_audio", "playback": true, "local": false, "aec_enabled": true, "aec_engine": "webrtc", "aec_webrtc_required": true, "aec_webrtc_post_filter": false, "aec_ref_delay_ms": 180, "aec_ref_buffer_ms": 500, "asrws": false, "asr_language": "zh-CN"}
[10:00:49] Press Ctrl+C to stop.
[10:00:49] [mic] using default input device: index=1, name=麦克风阵列 (适用于数字麦克风的英特尔® 智音技术), max_input_channels=6, default_rate=44100
[10:00:49] [mic/monitor] opening input stream sample_rate=16000 chunk_ms=20 frames_per_chunk=320
[10:00:49] [ASR_MONITOR] mic_state source=main state=open reason=log_detected
[10:00:49] [mic/monitor] opened input stream sample_rate=16000 chunk_ms=20 frames_per_chunk=320
[10:00:49] [spk] using default output device: index=3, name=扬声器 (Realtek(R) Audio), max_output_channels=2, default_rate=44100
[10:00:50] [aec] output_latency_adjust base_delay_ms=180 output_latency_ms=128 effective_delay_ms=308 dynamic_delay_ms=308
[10:00:50] [aec] enabled engine=webrtc effective_engine=webrtc webrtc_backend=aec_audio_processing.AudioProcessor webrtc_post_filter=False ref_delay_ms=180 ref_buffer_ms=500 ref_hold_ms=250 auto_delay=True auto_delay_min_score=0.22 search_span_ms=260 search_step_ms=5 auto_delay_interval_chunks=4 echo_gate=False tts_warmup_mute_ms=80 tts_ref_wait_mute_ms=1200 tts_stale_ms=900 preserve_barge_in=True barge_in_warmup_rms=900.0 tts_gate_sim=0.66 tts_gate_clean_sim=0.5 tts_gate_rms_ratio=1.25 tts_half_duplex=False tts_barge_in_rms=1200.0 tts_barge_in_ratio=1.65 tts_barge_in_sim_max=0.55 tts_barge_in_chunks=2 tts_barge_in_interrupt=False near_end_protect_ratio=1.22 use_output_latency=True output_latency_ms=128 sample_rate=16000 playback_sample_rate=24000
[10:00:50] [ws] connected(control): ws://127.0.0.1:8080/ws/realtime/control?session_id=mic_c576c75626e0&format=pcm
[10:00:50] [ws] connected(media):   ws://127.0.0.1:8080/ws/realtime/media?session_id=mic_c576c75626e0&format=pcm
[10:00:50] [ws/event] {'event': 'waiting_peer', 'session_id': 'mic_c576c75626e0', 'channel': 'control', 'message': 'waiting for media/control channel'}
[10:00:50] [ws/ready] session_id=mic_c576c75626e0
[10:00:50] [mic/monitor] first_chunk chunk_bytes=640 rms=0
[10:00:50] [ws/control] set_system_prompt sent trigger=ready chars=0 prompt_context=on prompt_context_keys=customer_profile,system_instruction,workflow_text workflow_json=off nodes=0 edges=0
[10:00:50] [asr/monitor] ready session_id=mic_c576c75626e0 sample_rate=16000
[10:00:50] [ws/send] chunk=0 bytes=640
[10:00:50] [send] chunk=0 done in 0ms
[10:00:50] [ws/command] command=set_system_prompt action=updated workflow_applied=None workflow_nodes=None workflow_edges=None
[10:00:51] [ws/send] chunk=20 bytes=640
[10:00:51] [send] chunk=20 done in 2ms
[10:00:51] [ws/send] chunk=40 bytes=640
[10:00:51] [send] chunk=40 done in 0ms
[10:00:51] [ws/send] chunk=60 bytes=640
[10:00:51] [send] chunk=60 done in 0ms
[10:00:52] [ws/send] chunk=80 bytes=640
[10:00:52] [send] chunk=80 done in 2ms
[10:00:52] [mic/monitor] captured_chunks=100 last_chunk_bytes=640 rms=0
[10:00:52] [ws/send] chunk=100 bytes=640
[10:00:52] [send] chunk=100 done in 0ms
[10:00:53] [ws/send] chunk=120 bytes=640
[10:00:53] [send] chunk=120 done in 0ms
[10:00:53] [ws/send] chunk=140 bytes=640
[10:00:53] [send] chunk=140 done in 0ms
[10:00:53] [ws/send] chunk=160 bytes=640
[10:00:53] [send] chunk=160 done in 0ms
[10:00:54] [ws/send] chunk=180 bytes=640
[10:00:54] [send] chunk=180 done in 1ms
[10:00:54] [mic/monitor] captured_chunks=200 last_chunk_bytes=640 rms=0
[10:00:54] [ws/send] chunk=200 bytes=640
[10:00:54] [send] chunk=200 done in 0ms
[10:00:55] [ws/send] chunk=220 bytes=640
[10:00:55] [send] chunk=220 done in 0ms
[10:00:55] [ws/send] chunk=240 bytes=640
[10:00:55] [send] chunk=240 done in 0ms
[10:00:55] [ws/send] chunk=260 bytes=640
[10:00:55] [send] chunk=260 done in 1ms
[10:00:56] [ws/send] chunk=280 bytes=640
[10:00:56] [send] chunk=280 done in 0ms
[10:00:56] [mic/monitor] captured_chunks=300 last_chunk_bytes=640 rms=0
[10:00:56] [ws/send] chunk=300 bytes=640
[10:00:56] [send] chunk=300 done in 0ms
[10:00:57] [ws/send] chunk=320 bytes=640
[10:00:57] [send] chunk=320 done in 0ms
[10:00:57] [ws/send] chunk=340 bytes=640
[10:00:57] [send] chunk=340 done in 2ms
[10:00:57] [ws/send] chunk=360 bytes=640
[10:00:57] [send] chunk=360 done in 0ms
[10:00:58] [ws/send] chunk=380 bytes=640
[10:00:58] [send] chunk=380 done in 0ms
[10:00:58] [asr/monitor] waiting_first_commit elapsed_ms=8000
[10:00:58] [mic/monitor] captured_chunks=400 last_chunk_bytes=640 rms=0
[10:00:58] [ws/send] chunk=400 bytes=640
[10:00:58] [send] chunk=400 done in 0ms
[10:00:59] [ws/send] chunk=420 bytes=640
[10:00:59] [send] chunk=420 done in 0ms
[10:00:59] [ws/send] chunk=440 bytes=640
[10:00:59] [send] chunk=440 done in 0ms
[10:00:59] [ws/send] chunk=460 bytes=640
[10:00:59] [send] chunk=460 done in 0ms
[10:01:00] [ws/send] chunk=480 bytes=640
[10:01:00] [send] chunk=480 done in 0ms
[10:01:00] [mic/monitor] captured_chunks=500 last_chunk_bytes=640 rms=0
[10:01:00] [ws/send] chunk=500 bytes=640
[10:01:00] [send] chunk=500 done in 0ms
[10:01:01] [ws/send] chunk=520 bytes=640
[10:01:01] [send] chunk=520 done in 0ms
[10:01:01] [ws/send] chunk=540 bytes=640
[10:01:01] [send] chunk=540 done in 0ms
[10:01:01] [ws/send] chunk=560 bytes=640
[10:01:01] [send] chunk=560 done in 0ms
[10:01:02] [ws/send] chunk=580 bytes=640
[10:01:02] [send] chunk=580 done in 0ms
[10:01:02] [mic/monitor] captured_chunks=600 last_chunk_bytes=640 rms=0
[10:01:02] [ws/send] chunk=600 bytes=640
[10:01:02] [send] chunk=600 done in 0ms
[10:01:03] [ws/send] chunk=620 bytes=640
[10:01:03] [send] chunk=620 done in 0ms
[10:01:03] [ws/send] chunk=640 bytes=640
[10:01:03] [send] chunk=640 done in 1ms
[10:01:03] [ws/send] chunk=660 bytes=640
[10:01:03] [send] chunk=660 done in 0ms
[10:01:04] [ws/send] chunk=680 bytes=640
[10:01:04] [send] chunk=680 done in 0ms
[10:01:04] [mic/monitor] captured_chunks=700 last_chunk_bytes=640 rms=0
[10:01:04] [ws/send] chunk=700 bytes=640
[10:01:05] [ASR_MONITOR] mic_state source=main state=closed reason=stop_clicked
[10:01:04] [send] chunk=700 done in 0ms
[10:01:05] process exit: return_code=1
